[2024-12-11 16:16:44,125]  INFO {apscheduler.executors.default:144} Job "immediately delete temp (trigger: date[2024-12-11 16:16:44 UTC], next run at: 2024-12-11 16:16:44 UTC)" executed successfully
[2024-12-11 16:16:45,848]  INFO {cps.server:218} Starting Gevent server on [::]:8083
[2024-12-12 17:15:41,434]  WARN {apscheduler.executors.default:120} Run time of job "delete temp (trigger: cron[hour='1'], next run at: 2024-12-13 01:00:00 UTC)" was missed by 16:15:41.433190
[2024-12-12 17:15:41,435]  WARN {apscheduler.executors.default:120} Run time of job "reconnect (trigger: cron[hour='1'], next run at: 2024-12-13 01:00:00 UTC)" was missed by 16:15:41.435221
[2024-12-12 17:15:41,436]  WARN {apscheduler.executors.default:120} Run time of job "generate book covers (trigger: cron[hour='1'], next run at: 2024-12-13 01:00:00 UTC)" was missed by 16:15:41.436000
[2024-12-12 17:15:41,436]  WARN {apscheduler.executors.default:120} Run time of job "backup metadata (trigger: cron[hour='1'], next run at: 2024-12-13 01:00:00 UTC)" was missed by 16:15:41.436964
[2024-12-12 17:15:41,437]  WARN {apscheduler.executors.default:120} Run time of job "delete superfluous book covers (trigger: cron[hour='1'], next run at: 2024-12-13 01:00:00 UTC)" was missed by 16:15:41.437271
[2024-12-12 17:15:41,437]  WARN {apscheduler.executors.default:120} Run time of job "end scheduled task (trigger: cron[hour='2', minute='0'], next run at: 2024-12-13 02:00:00 UTC)" was missed by 15:15:41.437830
[2024-12-13 07:37:03,641]  WARN {apscheduler.executors.default:120} Run time of job "delete temp (trigger: cron[hour='1'], next run at: 2024-12-14 01:00:00 UTC)" was missed by 6:37:03.640800
[2024-12-13 07:37:03,641]  WARN {apscheduler.executors.default:120} Run time of job "reconnect (trigger: cron[hour='1'], next run at: 2024-12-14 01:00:00 UTC)" was missed by 6:37:03.641239
[2024-12-13 07:37:03,641]  WARN {apscheduler.executors.default:120} Run time of job "generate book covers (trigger: cron[hour='1'], next run at: 2024-12-14 01:00:00 UTC)" was missed by 6:37:03.641506
[2024-12-13 07:37:03,641]  WARN {apscheduler.executors.default:120} Run time of job "backup metadata (trigger: cron[hour='1'], next run at: 2024-12-14 01:00:00 UTC)" was missed by 6:37:03.641613
[2024-12-13 07:37:03,641]  WARN {apscheduler.executors.default:120} Run time of job "delete superfluous book covers (trigger: cron[hour='1'], next run at: 2024-12-14 01:00:00 UTC)" was missed by 6:37:03.641792
[2024-12-13 07:37:03,642]  WARN {apscheduler.executors.default:120} Run time of job "end scheduled task (trigger: cron[hour='2', minute='0'], next run at: 2024-12-14 02:00:00 UTC)" was missed by 5:37:03.642020
[2024-12-14 01:00:00,001]  INFO {apscheduler.executors.default:123} Running job "delete temp (trigger: cron[hour='1'], next run at: 2024-12-15 01:00:00 UTC)" (scheduled at 2024-12-14 01:00:00+00:00)
[2024-12-14 01:00:00,001]  INFO {apscheduler.executors.default:123} Running job "reconnect (trigger: cron[hour='1'], next run at: 2024-12-15 01:00:00 UTC)" (scheduled at 2024-12-14 01:00:00+00:00)
[2024-12-14 01:00:00,001]  INFO {apscheduler.executors.default:123} Running job "generate book covers (trigger: cron[hour='1'], next run at: 2024-12-15 01:00:00 UTC)" (scheduled at 2024-12-14 01:00:00+00:00)
[2024-12-14 01:00:00,002]  INFO {apscheduler.executors.default:123} Running job "backup metadata (trigger: cron[hour='1'], next run at: 2024-12-15 01:00:00 UTC)" (scheduled at 2024-12-14 01:00:00+00:00)
[2024-12-14 01:00:00,002]  INFO {apscheduler.executors.default:123} Running job "delete superfluous book covers (trigger: cron[hour='1'], next run at: 2024-12-15 01:00:00 UTC)" (scheduled at 2024-12-14 01:00:00+00:00)
[2024-12-14 01:00:00,012]  INFO {apscheduler.executors.default:144} Job "delete temp (trigger: cron[hour='1'], next run at: 2024-12-15 01:00:00 UTC)" executed successfully
[2024-12-14 01:00:00,016]  INFO {apscheduler.executors.default:144} Job "reconnect (trigger: cron[hour='1'], next run at: 2024-12-15 01:00:00 UTC)" executed successfully
[2024-12-14 01:00:00,018]  INFO {apscheduler.executors.default:144} Job "generate book covers (trigger: cron[hour='1'], next run at: 2024-12-15 01:00:00 UTC)" executed successfully
[2024-12-14 01:00:00,018]  INFO {apscheduler.executors.default:144} Job "backup metadata (trigger: cron[hour='1'], next run at: 2024-12-15 01:00:00 UTC)" executed successfully
[2024-12-14 01:00:00,019]  INFO {apscheduler.executors.default:144} Job "delete superfluous book covers (trigger: cron[hour='1'], next run at: 2024-12-15 01:00:00 UTC)" executed successfully
[2024-12-14 02:00:00,000]  INFO {apscheduler.executors.default:123} Running job "end scheduled task (trigger: cron[hour='2', minute='0'], next run at: 2024-12-15 02:00:00 UTC)" (scheduled at 2024-12-14 02:00:00+00:00)
[2024-12-14 02:00:00,001]  INFO {apscheduler.executors.default:144} Job "end scheduled task (trigger: cron[hour='2', minute='0'], next run at: 2024-12-15 02:00:00 UTC)" executed successfully
[2024-12-15 01:00:00,003]  INFO {apscheduler.executors.default:123} Running job "delete temp (trigger: cron[hour='1'], next run at: 2024-12-16 01:00:00 UTC)" (scheduled at 2024-12-15 01:00:00+00:00)
[2024-12-15 01:00:00,003]  INFO {apscheduler.executors.default:123} Running job "reconnect (trigger: cron[hour='1'], next run at: 2024-12-16 01:00:00 UTC)" (scheduled at 2024-12-15 01:00:00+00:00)
[2024-12-15 01:00:00,004]  INFO {apscheduler.executors.default:123} Running job "generate book covers (trigger: cron[hour='1'], next run at: 2024-12-16 01:00:00 UTC)" (scheduled at 2024-12-15 01:00:00+00:00)
[2024-12-15 01:00:00,004]  INFO {apscheduler.executors.default:123} Running job "backup metadata (trigger: cron[hour='1'], next run at: 2024-12-16 01:00:00 UTC)" (scheduled at 2024-12-15 01:00:00+00:00)
[2024-12-15 01:00:00,004]  INFO {apscheduler.executors.default:123} Running job "delete superfluous book covers (trigger: cron[hour='1'], next run at: 2024-12-16 01:00:00 UTC)" (scheduled at 2024-12-15 01:00:00+00:00)
[2024-12-15 01:00:00,016]  INFO {apscheduler.executors.default:144} Job "delete temp (trigger: cron[hour='1'], next run at: 2024-12-16 01:00:00 UTC)" executed successfully
[2024-12-15 01:00:00,021]  INFO {apscheduler.executors.default:144} Job "reconnect (trigger: cron[hour='1'], next run at: 2024-12-16 01:00:00 UTC)" executed successfully
[2024-12-15 01:00:00,022]  INFO {apscheduler.executors.default:144} Job "generate book covers (trigger: cron[hour='1'], next run at: 2024-12-16 01:00:00 UTC)" executed successfully
[2024-12-15 01:00:00,023]  INFO {apscheduler.executors.default:144} Job "backup metadata (trigger: cron[hour='1'], next run at: 2024-12-16 01:00:00 UTC)" executed successfully
[2024-12-15 01:00:00,024]  INFO {apscheduler.executors.default:144} Job "delete superfluous book covers (trigger: cron[hour='1'], next run at: 2024-12-16 01:00:00 UTC)" executed successfully
[2024-12-15 02:00:00,000]  INFO {apscheduler.executors.default:123} Running job "end scheduled task (trigger: cron[hour='2', minute='0'], next run at: 2024-12-16 02:00:00 UTC)" (scheduled at 2024-12-15 02:00:00+00:00)
[2024-12-15 02:00:00,001]  INFO {apscheduler.executors.default:144} Job "end scheduled task (trigger: cron[hour='2', minute='0'], next run at: 2024-12-16 02:00:00 UTC)" executed successfully
[2024-12-16 01:00:00,002]  INFO {apscheduler.executors.default:123} Running job "delete temp (trigger: cron[hour='1'], next run at: 2024-12-17 01:00:00 UTC)" (scheduled at 2024-12-16 01:00:00+00:00)
[2024-12-16 01:00:00,002]  INFO {apscheduler.executors.default:123} Running job "reconnect (trigger: cron[hour='1'], next run at: 2024-12-17 01:00:00 UTC)" (scheduled at 2024-12-16 01:00:00+00:00)
[2024-12-16 01:00:00,002]  INFO {apscheduler.executors.default:123} Running job "generate book covers (trigger: cron[hour='1'], next run at: 2024-12-17 01:00:00 UTC)" (scheduled at 2024-12-16 01:00:00+00:00)
[2024-12-16 01:00:00,003]  INFO {apscheduler.executors.default:123} Running job "backup metadata (trigger: cron[hour='1'], next run at: 2024-12-17 01:00:00 UTC)" (scheduled at 2024-12-16 01:00:00+00:00)
[2024-12-16 01:00:00,003]  INFO {apscheduler.executors.default:123} Running job "delete superfluous book covers (trigger: cron[hour='1'], next run at: 2024-12-17 01:00:00 UTC)" (scheduled at 2024-12-16 01:00:00+00:00)
[2024-12-16 01:00:00,009]  INFO {apscheduler.executors.default:144} Job "delete temp (trigger: cron[hour='1'], next run at: 2024-12-17 01:00:00 UTC)" executed successfully
[2024-12-16 01:00:00,012]  INFO {apscheduler.executors.default:144} Job "reconnect (trigger: cron[hour='1'], next run at: 2024-12-17 01:00:00 UTC)" executed successfully
[2024-12-16 01:00:00,013]  INFO {apscheduler.executors.default:144} Job "generate book covers (trigger: cron[hour='1'], next run at: 2024-12-17 01:00:00 UTC)" executed successfully
[2024-12-16 01:00:00,014]  INFO {apscheduler.executors.default:144} Job "backup metadata (trigger: cron[hour='1'], next run at: 2024-12-17 01:00:00 UTC)" executed successfully
[2024-12-16 01:00:00,015]  INFO {apscheduler.executors.default:144} Job "delete superfluous book covers (trigger: cron[hour='1'], next run at: 2024-12-17 01:00:00 UTC)" executed successfully
[2024-12-16 02:00:00,000]  INFO {apscheduler.executors.default:123} Running job "end scheduled task (trigger: cron[hour='2', minute='0'], next run at: 2024-12-17 02:00:00 UTC)" (scheduled at 2024-12-16 02:00:00+00:00)
[2024-12-16 02:00:00,001]  INFO {apscheduler.executors.default:144} Job "end scheduled task (trigger: cron[hour='2', minute='0'], next run at: 2024-12-17 02:00:00 UTC)" executed successfully
[2024-12-17 01:00:00,002]  INFO {apscheduler.executors.default:123} Running job "delete temp (trigger: cron[hour='1'], next run at: 2024-12-18 01:00:00 UTC)" (scheduled at 2024-12-17 01:00:00+00:00)
[2024-12-17 01:00:00,002]  INFO {apscheduler.executors.default:123} Running job "reconnect (trigger: cron[hour='1'], next run at: 2024-12-18 01:00:00 UTC)" (scheduled at 2024-12-17 01:00:00+00:00)
[2024-12-17 01:00:00,003]  INFO {apscheduler.executors.default:123} Running job "generate book covers (trigger: cron[hour='1'], next run at: 2024-12-18 01:00:00 UTC)" (scheduled at 2024-12-17 01:00:00+00:00)
[2024-12-17 01:00:00,003]  INFO {apscheduler.executors.default:123} Running job "backup metadata (trigger: cron[hour='1'], next run at: 2024-12-18 01:00:00 UTC)" (scheduled at 2024-12-17 01:00:00+00:00)
[2024-12-17 01:00:00,003]  INFO {apscheduler.executors.default:123} Running job "delete superfluous book covers (trigger: cron[hour='1'], next run at: 2024-12-18 01:00:00 UTC)" (scheduled at 2024-12-17 01:00:00+00:00)
[2024-12-17 01:00:00,008]  INFO {apscheduler.executors.default:144} Job "delete temp (trigger: cron[hour='1'], next run at: 2024-12-18 01:00:00 UTC)" executed successfully
[2024-12-17 01:00:00,014]  INFO {apscheduler.executors.default:144} Job "reconnect (trigger: cron[hour='1'], next run at: 2024-12-18 01:00:00 UTC)" executed successfully
[2024-12-17 01:00:00,018]  INFO {apscheduler.executors.default:144} Job "generate book covers (trigger: cron[hour='1'], next run at: 2024-12-18 01:00:00 UTC)" executed successfully
[2024-12-17 01:00:00,019]  INFO {apscheduler.executors.default:144} Job "backup metadata (trigger: cron[hour='1'], next run at: 2024-12-18 01:00:00 UTC)" executed successfully
[2024-12-17 01:00:00,020]  INFO {apscheduler.executors.default:144} Job "delete superfluous book covers (trigger: cron[hour='1'], next run at: 2024-12-18 01:00:00 UTC)" executed successfully
[2024-12-17 02:00:00,000]  INFO {apscheduler.executors.default:123} Running job "end scheduled task (trigger: cron[hour='2', minute='0'], next run at: 2024-12-18 02:00:00 UTC)" (scheduled at 2024-12-17 02:00:00+00:00)
[2024-12-17 02:00:00,001]  INFO {apscheduler.executors.default:144} Job "end scheduled task (trigger: cron[hour='2', minute='0'], next run at: 2024-12-18 02:00:00 UTC)" executed successfully
[2024-12-18 01:00:00,003]  INFO {apscheduler.executors.default:123} Running job "delete temp (trigger: cron[hour='1'], next run at: 2024-12-19 01:00:00 UTC)" (scheduled at 2024-12-18 01:00:00+00:00)
[2024-12-18 01:00:00,004]  INFO {apscheduler.executors.default:123} Running job "reconnect (trigger: cron[hour='1'], next run at: 2024-12-19 01:00:00 UTC)" (scheduled at 2024-12-18 01:00:00+00:00)
[2024-12-18 01:00:00,005]  INFO {apscheduler.executors.default:123} Running job "generate book covers (trigger: cron[hour='1'], next run at: 2024-12-19 01:00:00 UTC)" (scheduled at 2024-12-18 01:00:00+00:00)
[2024-12-18 01:00:00,005]  INFO {apscheduler.executors.default:123} Running job "backup metadata (trigger: cron[hour='1'], next run at: 2024-12-19 01:00:00 UTC)" (scheduled at 2024-12-18 01:00:00+00:00)
[2024-12-18 01:00:00,006]  INFO {apscheduler.executors.default:123} Running job "delete superfluous book covers (trigger: cron[hour='1'], next run at: 2024-12-19 01:00:00 UTC)" (scheduled at 2024-12-18 01:00:00+00:00)
[2024-12-18 01:00:00,018]  INFO {apscheduler.executors.default:144} Job "delete temp (trigger: cron[hour='1'], next run at: 2024-12-19 01:00:00 UTC)" executed successfully
[2024-12-18 01:00:00,032]  INFO {apscheduler.executors.default:144} Job "reconnect (trigger: cron[hour='1'], next run at: 2024-12-19 01:00:00 UTC)" executed successfully
[2024-12-18 01:00:00,040]  INFO {apscheduler.executors.default:144} Job "generate book covers (trigger: cron[hour='1'], next run at: 2024-12-19 01:00:00 UTC)" executed successfully
[2024-12-18 01:00:00,041]  INFO {apscheduler.executors.default:144} Job "backup metadata (trigger: cron[hour='1'], next run at: 2024-12-19 01:00:00 UTC)" executed successfully
[2024-12-18 01:00:00,048]  INFO {apscheduler.executors.default:144} Job "delete superfluous book covers (trigger: cron[hour='1'], next run at: 2024-12-19 01:00:00 UTC)" executed successfully
[2024-12-18 02:00:00,001]  INFO {apscheduler.executors.default:123} Running job "end scheduled task (trigger: cron[hour='2', minute='0'], next run at: 2024-12-19 02:00:00 UTC)" (scheduled at 2024-12-18 02:00:00+00:00)
[2024-12-18 02:00:00,002]  INFO {apscheduler.executors.default:144} Job "end scheduled task (trigger: cron[hour='2', minute='0'], next run at: 2024-12-19 02:00:00 UTC)" executed successfully
[2024-12-19 01:00:00,002]  INFO {apscheduler.executors.default:123} Running job "delete temp (trigger: cron[hour='1'], next run at: 2024-12-20 01:00:00 UTC)" (scheduled at 2024-12-19 01:00:00+00:00)
[2024-12-19 01:00:00,002]  INFO {apscheduler.executors.default:123} Running job "reconnect (trigger: cron[hour='1'], next run at: 2024-12-20 01:00:00 UTC)" (scheduled at 2024-12-19 01:00:00+00:00)
[2024-12-19 01:00:00,002]  INFO {apscheduler.executors.default:123} Running job "generate book covers (trigger: cron[hour='1'], next run at: 2024-12-20 01:00:00 UTC)" (scheduled at 2024-12-19 01:00:00+00:00)
[2024-12-19 01:00:00,003]  INFO {apscheduler.executors.default:123} Running job "backup metadata (trigger: cron[hour='1'], next run at: 2024-12-20 01:00:00 UTC)" (scheduled at 2024-12-19 01:00:00+00:00)
[2024-12-19 01:00:00,003]  INFO {apscheduler.executors.default:123} Running job "delete superfluous book covers (trigger: cron[hour='1'], next run at: 2024-12-20 01:00:00 UTC)" (scheduled at 2024-12-19 01:00:00+00:00)
[2024-12-19 01:00:00,011]  INFO {apscheduler.executors.default:144} Job "delete temp (trigger: cron[hour='1'], next run at: 2024-12-20 01:00:00 UTC)" executed successfully
[2024-12-19 01:00:00,014]  INFO {apscheduler.executors.default:144} Job "reconnect (trigger: cron[hour='1'], next run at: 2024-12-20 01:00:00 UTC)" executed successfully
[2024-12-19 01:00:00,015]  INFO {apscheduler.executors.default:144} Job "generate book covers (trigger: cron[hour='1'], next run at: 2024-12-20 01:00:00 UTC)" executed successfully
[2024-12-19 01:00:00,017]  INFO {apscheduler.executors.default:144} Job "backup metadata (trigger: cron[hour='1'], next run at: 2024-12-20 01:00:00 UTC)" executed successfully
[2024-12-19 01:00:00,018]  INFO {apscheduler.executors.default:144} Job "delete superfluous book covers (trigger: cron[hour='1'], next run at: 2024-12-20 01:00:00 UTC)" executed successfully
[2024-12-19 02:00:00,000]  INFO {apscheduler.executors.default:123} Running job "end scheduled task (trigger: cron[hour='2', minute='0'], next run at: 2024-12-20 02:00:00 UTC)" (scheduled at 2024-12-19 02:00:00+00:00)
[2024-12-19 02:00:00,001]  INFO {apscheduler.executors.default:144} Job "end scheduled task (trigger: cron[hour='2', minute='0'], next run at: 2024-12-20 02:00:00 UTC)" executed successfully
[2024-12-19 06:12:09,372]  WARN {cps.config_sql:364} Log path  not valid, falling back to default
[2024-12-19 06:12:09,414]  INFO {cps:178} Starting Calibre Web...
[2024-12-19 06:12:09,749]  WARN {py.warnings:109} /lsiopy/lib/python3.10/site-packages/flask_limiter/extension.py:333: UserWarning: Using the in-memory storage for tracking rate limits as no storage was explicitly specified. This is not recommended for production use. See: https://flask-limiter.readthedocs.io#configuring-a-storage-backend for documentation about configuring the storage backend.
  warnings.warn(

[2024-12-19 06:12:09,962]  INFO {apscheduler.scheduler:181} Scheduler started
[2024-12-19 06:12:09,963]  INFO {apscheduler.scheduler:895} Added job "reconnect" to job store "default"
[2024-12-19 06:12:09,963]  INFO {apscheduler.scheduler:895} Added job "delete temp" to job store "default"
[2024-12-19 06:12:09,964]  INFO {apscheduler.scheduler:895} Added job "backup metadata" to job store "default"
[2024-12-19 06:12:09,965]  INFO {apscheduler.scheduler:895} Added job "delete superfluous book covers" to job store "default"
[2024-12-19 06:12:09,965]  INFO {apscheduler.scheduler:895} Added job "generate book covers" to job store "default"
[2024-12-19 06:12:09,966]  INFO {apscheduler.scheduler:895} Added job "end scheduled task" to job store "default"
[2024-12-19 06:12:09,967]  INFO {apscheduler.scheduler:895} Added job "immediately delete temp" to job store "default"
[2024-12-19 06:12:09,967]  INFO {apscheduler.executors.default:123} Running job "immediately delete temp (trigger: date[2024-12-19 06:12:09 UTC], next run at: 2024-12-19 06:12:09 UTC)" (scheduled at 2024-12-19 06:12:09.966855+00:00)
[2024-12-19 06:12:09,967]  INFO {apscheduler.scheduler:641} Removed job 3ccb640f4f2a4012ba3fde0b4f15ab1d
[2024-12-19 06:12:09,977]  INFO {apscheduler.executors.default:144} Job "immediately delete temp (trigger: date[2024-12-19 06:12:09 UTC], next run at: 2024-12-19 06:12:09 UTC)" executed successfully
[2024-12-19 06:12:11,048]  INFO {cps.server:218} Starting Gevent server on [::]:8083
[2024-12-19 06:12:58,261]  INFO {cps.server:319} webserver stop (restart=False)
[2024-12-19 06:12:58,262]  INFO {apscheduler.scheduler:212} Scheduler has been shut down
[2024-12-19 06:12:58,263]  INFO {cps.server:298} Performing shutdown of Calibre-Web
[2024-12-19 06:13:13,291]  WARN {cps.config_sql:364} Log path  not valid, falling back to default
[2024-12-19 06:13:13,319]  INFO {cps:178} Starting Calibre Web...
[2024-12-19 06:13:13,556]  WARN {py.warnings:109} /lsiopy/lib/python3.10/site-packages/flask_limiter/extension.py:333: UserWarning: Using the in-memory storage for tracking rate limits as no storage was explicitly specified. This is not recommended for production use. See: https://flask-limiter.readthedocs.io#configuring-a-storage-backend for documentation about configuring the storage backend.
  warnings.warn(

[2024-12-19 06:13:13,711]  INFO {apscheduler.scheduler:181} Scheduler started
[2024-12-19 06:13:13,712]  INFO {apscheduler.scheduler:895} Added job "reconnect" to job store "default"
[2024-12-19 06:13:13,713]  INFO {apscheduler.scheduler:895} Added job "delete temp" to job store "default"
[2024-12-19 06:13:13,713]  INFO {apscheduler.scheduler:895} Added job "backup metadata" to job store "default"
[2024-12-19 06:13:13,714]  INFO {apscheduler.scheduler:895} Added job "delete superfluous book covers" to job store "default"
[2024-12-19 06:13:13,714]  INFO {apscheduler.scheduler:895} Added job "generate book covers" to job store "default"
[2024-12-19 06:13:13,715]  INFO {apscheduler.scheduler:895} Added job "end scheduled task" to job store "default"
[2024-12-19 06:13:13,716]  INFO {apscheduler.scheduler:895} Added job "immediately delete temp" to job store "default"
[2024-12-19 06:13:13,716]  INFO {apscheduler.executors.default:123} Running job "immediately delete temp (trigger: date[2024-12-19 06:13:13 UTC], next run at: 2024-12-19 06:13:13 UTC)" (scheduled at 2024-12-19 06:13:13.716079+00:00)
[2024-12-19 06:13:13,717]  INFO {apscheduler.scheduler:641} Removed job 964f2f5c54bb4e958031c79981023919
[2024-12-19 06:13:13,726]  INFO {apscheduler.executors.default:144} Job "immediately delete temp (trigger: date[2024-12-19 06:13:13 UTC], next run at: 2024-12-19 06:13:13 UTC)" executed successfully
[2024-12-19 06:13:14,634]  INFO {cps.server:218} Starting Gevent server on [::]:8083
[2024-12-20 01:00:00,007]  INFO {apscheduler.executors.default:123} Running job "delete temp (trigger: cron[hour='1'], next run at: 2024-12-21 01:00:00 UTC)" (scheduled at 2024-12-20 01:00:00+00:00)
[2024-12-20 01:00:00,008]  INFO {apscheduler.executors.default:123} Running job "generate book covers (trigger: cron[hour='1'], next run at: 2024-12-21 01:00:00 UTC)" (scheduled at 2024-12-20 01:00:00+00:00)
[2024-12-20 01:00:00,008]  INFO {apscheduler.executors.default:123} Running job "reconnect (trigger: cron[hour='1'], next run at: 2024-12-21 01:00:00 UTC)" (scheduled at 2024-12-20 01:00:00+00:00)
[2024-12-20 01:00:00,010]  INFO {apscheduler.executors.default:123} Running job "backup metadata (trigger: cron[hour='1'], next run at: 2024-12-21 01:00:00 UTC)" (scheduled at 2024-12-20 01:00:00+00:00)
[2024-12-20 01:00:00,012]  INFO {apscheduler.executors.default:123} Running job "delete superfluous book covers (trigger: cron[hour='1'], next run at: 2024-12-21 01:00:00 UTC)" (scheduled at 2024-12-20 01:00:00+00:00)
[2024-12-20 01:00:00,027]  INFO {apscheduler.executors.default:144} Job "delete temp (trigger: cron[hour='1'], next run at: 2024-12-21 01:00:00 UTC)" executed successfully
[2024-12-20 01:00:00,035]  INFO {apscheduler.executors.default:144} Job "generate book covers (trigger: cron[hour='1'], next run at: 2024-12-21 01:00:00 UTC)" executed successfully
[2024-12-20 01:00:00,053]  INFO {apscheduler.executors.default:144} Job "reconnect (trigger: cron[hour='1'], next run at: 2024-12-21 01:00:00 UTC)" executed successfully
[2024-12-20 01:00:00,060]  INFO {apscheduler.executors.default:144} Job "backup metadata (trigger: cron[hour='1'], next run at: 2024-12-21 01:00:00 UTC)" executed successfully
[2024-12-20 01:00:00,063]  INFO {apscheduler.executors.default:144} Job "delete superfluous book covers (trigger: cron[hour='1'], next run at: 2024-12-21 01:00:00 UTC)" executed successfully
[2024-12-20 02:00:00,000]  INFO {apscheduler.executors.default:123} Running job "end scheduled task (trigger: cron[hour='2', minute='0'], next run at: 2024-12-21 02:00:00 UTC)" (scheduled at 2024-12-20 02:00:00+00:00)
[2024-12-20 02:00:00,001]  INFO {apscheduler.executors.default:144} Job "end scheduled task (trigger: cron[hour='2', minute='0'], next run at: 2024-12-21 02:00:00 UTC)" executed successfully
[2024-12-21 01:00:00,004]  INFO {apscheduler.executors.default:123} Running job "delete temp (trigger: cron[hour='1'], next run at: 2024-12-22 01:00:00 UTC)" (scheduled at 2024-12-21 01:00:00+00:00)
[2024-12-21 01:00:00,005]  INFO {apscheduler.executors.default:123} Running job "generate book covers (trigger: cron[hour='1'], next run at: 2024-12-22 01:00:00 UTC)" (scheduled at 2024-12-21 01:00:00+00:00)
[2024-12-21 01:00:00,005]  INFO {apscheduler.executors.default:123} Running job "reconnect (trigger: cron[hour='1'], next run at: 2024-12-22 01:00:00 UTC)" (scheduled at 2024-12-21 01:00:00+00:00)
[2024-12-21 01:00:00,005]  INFO {apscheduler.executors.default:123} Running job "backup metadata (trigger: cron[hour='1'], next run at: 2024-12-22 01:00:00 UTC)" (scheduled at 2024-12-21 01:00:00+00:00)
[2024-12-21 01:00:00,005]  INFO {apscheduler.executors.default:123} Running job "delete superfluous book covers (trigger: cron[hour='1'], next run at: 2024-12-22 01:00:00 UTC)" (scheduled at 2024-12-21 01:00:00+00:00)
[2024-12-21 01:00:00,023]  INFO {apscheduler.executors.default:144} Job "delete temp (trigger: cron[hour='1'], next run at: 2024-12-22 01:00:00 UTC)" executed successfully
[2024-12-21 01:00:00,035]  INFO {apscheduler.executors.default:144} Job "generate book covers (trigger: cron[hour='1'], next run at: 2024-12-22 01:00:00 UTC)" executed successfully
[2024-12-21 01:00:00,042]  INFO {apscheduler.executors.default:144} Job "reconnect (trigger: cron[hour='1'], next run at: 2024-12-22 01:00:00 UTC)" executed successfully
[2024-12-21 01:00:00,043]  INFO {apscheduler.executors.default:144} Job "backup metadata (trigger: cron[hour='1'], next run at: 2024-12-22 01:00:00 UTC)" executed successfully
[2024-12-21 01:00:00,044]  INFO {apscheduler.executors.default:144} Job "delete superfluous book covers (trigger: cron[hour='1'], next run at: 2024-12-22 01:00:00 UTC)" executed successfully
[2024-12-21 02:00:00,000]  INFO {apscheduler.executors.default:123} Running job "end scheduled task (trigger: cron[hour='2', minute='0'], next run at: 2024-12-22 02:00:00 UTC)" (scheduled at 2024-12-21 02:00:00+00:00)
[2024-12-21 02:00:00,001]  INFO {apscheduler.executors.default:144} Job "end scheduled task (trigger: cron[hour='2', minute='0'], next run at: 2024-12-22 02:00:00 UTC)" executed successfully
[2024-12-21 05:05:39,099]  WARN {cps.config_sql:364} Log path  not valid, falling back to default
[2024-12-21 05:05:39,142]  INFO {cps:178} Starting Calibre Web...
[2024-12-21 05:05:39,489]  WARN {py.warnings:109} /lsiopy/lib/python3.10/site-packages/flask_limiter/extension.py:333: UserWarning: Using the in-memory storage for tracking rate limits as no storage was explicitly specified. This is not recommended for production use. See: https://flask-limiter.readthedocs.io#configuring-a-storage-backend for documentation about configuring the storage backend.
  warnings.warn(

[2024-12-21 05:05:39,689]  INFO {apscheduler.scheduler:181} Scheduler started
[2024-12-21 05:05:39,690]  INFO {apscheduler.scheduler:895} Added job "reconnect" to job store "default"
[2024-12-21 05:05:39,691]  INFO {apscheduler.scheduler:895} Added job "delete temp" to job store "default"
[2024-12-21 05:05:39,692]  INFO {apscheduler.scheduler:895} Added job "backup metadata" to job store "default"
[2024-12-21 05:05:39,692]  INFO {apscheduler.scheduler:895} Added job "delete superfluous book covers" to job store "default"
[2024-12-21 05:05:39,693]  INFO {apscheduler.scheduler:895} Added job "generate book covers" to job store "default"
[2024-12-21 05:05:39,694]  INFO {apscheduler.scheduler:895} Added job "end scheduled task" to job store "default"
[2024-12-21 05:05:39,694]  INFO {apscheduler.scheduler:895} Added job "immediately delete temp" to job store "default"
[2024-12-21 05:05:39,695]  INFO {apscheduler.executors.default:123} Running job "immediately delete temp (trigger: date[2024-12-21 05:05:39 UTC], next run at: 2024-12-21 05:05:39 UTC)" (scheduled at 2024-12-21 05:05:39.694566+00:00)
[2024-12-21 05:05:39,695]  INFO {apscheduler.scheduler:641} Removed job 574fc082addb4ad391467675d22fc379
[2024-12-21 05:05:39,704]  INFO {apscheduler.executors.default:144} Job "immediately delete temp (trigger: date[2024-12-21 05:05:39 UTC], next run at: 2024-12-21 05:05:39 UTC)" executed successfully
[2024-12-21 05:05:40,789]  INFO {cps.server:218} Starting Gevent server on [::]:8083
[2024-12-22 01:00:00,005]  INFO {apscheduler.executors.default:123} Running job "generate book covers (trigger: cron[hour='1'], next run at: 2024-12-23 01:00:00 UTC)" (scheduled at 2024-12-22 01:00:00+00:00)
[2024-12-22 01:00:00,006]  INFO {apscheduler.executors.default:123} Running job "delete temp (trigger: cron[hour='1'], next run at: 2024-12-23 01:00:00 UTC)" (scheduled at 2024-12-22 01:00:00+00:00)
[2024-12-22 01:00:00,006]  INFO {apscheduler.executors.default:123} Running job "backup metadata (trigger: cron[hour='1'], next run at: 2024-12-23 01:00:00 UTC)" (scheduled at 2024-12-22 01:00:00+00:00)
[2024-12-22 01:00:00,008]  INFO {apscheduler.executors.default:123} Running job "delete superfluous book covers (trigger: cron[hour='1'], next run at: 2024-12-23 01:00:00 UTC)" (scheduled at 2024-12-22 01:00:00+00:00)
[2024-12-22 01:00:00,008]  INFO {apscheduler.executors.default:123} Running job "reconnect (trigger: cron[hour='1'], next run at: 2024-12-23 01:00:00 UTC)" (scheduled at 2024-12-22 01:00:00+00:00)
[2024-12-22 01:00:00,024]  INFO {apscheduler.executors.default:144} Job "delete temp (trigger: cron[hour='1'], next run at: 2024-12-23 01:00:00 UTC)" executed successfully
[2024-12-22 01:00:00,024]  INFO {apscheduler.executors.default:144} Job "generate book covers (trigger: cron[hour='1'], next run at: 2024-12-23 01:00:00 UTC)" executed successfully
[2024-12-22 01:00:00,044]  INFO {apscheduler.executors.default:144} Job "backup metadata (trigger: cron[hour='1'], next run at: 2024-12-23 01:00:00 UTC)" executed successfully
[2024-12-22 01:00:00,051]  INFO {apscheduler.executors.default:144} Job "delete superfluous book covers (trigger: cron[hour='1'], next run at: 2024-12-23 01:00:00 UTC)" executed successfully
[2024-12-22 01:00:00,052]  INFO {apscheduler.executors.default:144} Job "reconnect (trigger: cron[hour='1'], next run at: 2024-12-23 01:00:00 UTC)" executed successfully
[2024-12-22 02:00:00,001]  INFO {apscheduler.executors.default:123} Running job "end scheduled task (trigger: cron[hour='2', minute='0'], next run at: 2024-12-23 02:00:00 UTC)" (scheduled at 2024-12-22 02:00:00+00:00)
[2024-12-22 02:00:00,002]  INFO {apscheduler.executors.default:144} Job "end scheduled task (trigger: cron[hour='2', minute='0'], next run at: 2024-12-23 02:00:00 UTC)" executed successfully
[2024-12-23 01:00:00,002]  INFO {apscheduler.executors.default:123} Running job "generate book covers (trigger: cron[hour='1'], next run at: 2024-12-24 01:00:00 UTC)" (scheduled at 2024-12-23 01:00:00+00:00)
[2024-12-23 01:00:00,002]  INFO {apscheduler.executors.default:123} Running job "delete temp (trigger: cron[hour='1'], next run at: 2024-12-24 01:00:00 UTC)" (scheduled at 2024-12-23 01:00:00+00:00)
[2024-12-23 01:00:00,002]  INFO {apscheduler.executors.default:123} Running job "backup metadata (trigger: cron[hour='1'], next run at: 2024-12-24 01:00:00 UTC)" (scheduled at 2024-12-23 01:00:00+00:00)
[2024-12-23 01:00:00,002]  INFO {apscheduler.executors.default:123} Running job "delete superfluous book covers (trigger: cron[hour='1'], next run at: 2024-12-24 01:00:00 UTC)" (scheduled at 2024-12-23 01:00:00+00:00)
[2024-12-23 01:00:00,003]  INFO {apscheduler.executors.default:123} Running job "reconnect (trigger: cron[hour='1'], next run at: 2024-12-24 01:00:00 UTC)" (scheduled at 2024-12-23 01:00:00+00:00)
[2024-12-23 01:00:00,008]  INFO {apscheduler.executors.default:144} Job "generate book covers (trigger: cron[hour='1'], next run at: 2024-12-24 01:00:00 UTC)" executed successfully
[2024-12-23 01:00:00,015]  INFO {apscheduler.executors.default:144} Job "delete temp (trigger: cron[hour='1'], next run at: 2024-12-24 01:00:00 UTC)" executed successfully
[2024-12-23 01:00:00,018]  INFO {apscheduler.executors.default:144} Job "backup metadata (trigger: cron[hour='1'], next run at: 2024-12-24 01:00:00 UTC)" executed successfully
[2024-12-23 01:00:00,019]  INFO {apscheduler.executors.default:144} Job "delete superfluous book covers (trigger: cron[hour='1'], next run at: 2024-12-24 01:00:00 UTC)" executed successfully
[2024-12-23 01:00:00,022]  INFO {apscheduler.executors.default:144} Job "reconnect (trigger: cron[hour='1'], next run at: 2024-12-24 01:00:00 UTC)" executed successfully
[2024-12-23 02:00:00,000]  INFO {apscheduler.executors.default:123} Running job "end scheduled task (trigger: cron[hour='2', minute='0'], next run at: 2024-12-24 02:00:00 UTC)" (scheduled at 2024-12-23 02:00:00+00:00)
[2024-12-23 02:00:00,001]  INFO {apscheduler.executors.default:144} Job "end scheduled task (trigger: cron[hour='2', minute='0'], next run at: 2024-12-24 02:00:00 UTC)" executed successfully
[2024-12-24 01:00:00,002]  INFO {apscheduler.executors.default:123} Running job "generate book covers (trigger: cron[hour='1'], next run at: 2024-12-25 01:00:00 UTC)" (scheduled at 2024-12-24 01:00:00+00:00)
[2024-12-24 01:00:00,002]  INFO {apscheduler.executors.default:123} Running job "delete temp (trigger: cron[hour='1'], next run at: 2024-12-25 01:00:00 UTC)" (scheduled at 2024-12-24 01:00:00+00:00)
[2024-12-24 01:00:00,002]  INFO {apscheduler.executors.default:123} Running job "backup metadata (trigger: cron[hour='1'], next run at: 2024-12-25 01:00:00 UTC)" (scheduled at 2024-12-24 01:00:00+00:00)
[2024-12-24 01:00:00,002]  INFO {apscheduler.executors.default:123} Running job "delete superfluous book covers (trigger: cron[hour='1'], next run at: 2024-12-25 01:00:00 UTC)" (scheduled at 2024-12-24 01:00:00+00:00)
[2024-12-24 01:00:00,003]  INFO {apscheduler.executors.default:123} Running job "reconnect (trigger: cron[hour='1'], next run at: 2024-12-25 01:00:00 UTC)" (scheduled at 2024-12-24 01:00:00+00:00)
[2024-12-24 01:00:00,008]  INFO {apscheduler.executors.default:144} Job "generate book covers (trigger: cron[hour='1'], next run at: 2024-12-25 01:00:00 UTC)" executed successfully
[2024-12-24 01:00:00,009]  INFO {apscheduler.executors.default:144} Job "delete temp (trigger: cron[hour='1'], next run at: 2024-12-25 01:00:00 UTC)" executed successfully
[2024-12-24 01:00:00,012]  INFO {apscheduler.executors.default:144} Job "backup metadata (trigger: cron[hour='1'], next run at: 2024-12-25 01:00:00 UTC)" executed successfully
[2024-12-24 01:00:00,012]  INFO {apscheduler.executors.default:144} Job "delete superfluous book covers (trigger: cron[hour='1'], next run at: 2024-12-25 01:00:00 UTC)" executed successfully
[2024-12-24 01:00:00,013]  INFO {apscheduler.executors.default:144} Job "reconnect (trigger: cron[hour='1'], next run at: 2024-12-25 01:00:00 UTC)" executed successfully
[2024-12-24 02:00:00,000]  INFO {apscheduler.executors.default:123} Running job "end scheduled task (trigger: cron[hour='2', minute='0'], next run at: 2024-12-25 02:00:00 UTC)" (scheduled at 2024-12-24 02:00:00+00:00)
[2024-12-24 02:00:00,001]  INFO {apscheduler.executors.default:144} Job "end scheduled task (trigger: cron[hour='2', minute='0'], next run at: 2024-12-25 02:00:00 UTC)" executed successfully
[2024-12-25 01:00:00,002]  INFO {apscheduler.executors.default:123} Running job "generate book covers (trigger: cron[hour='1'], next run at: 2024-12-26 01:00:00 UTC)" (scheduled at 2024-12-25 01:00:00+00:00)
[2024-12-25 01:00:00,002]  INFO {apscheduler.executors.default:123} Running job "delete temp (trigger: cron[hour='1'], next run at: 2024-12-26 01:00:00 UTC)" (scheduled at 2024-12-25 01:00:00+00:00)
[2024-12-25 01:00:00,005]  INFO {apscheduler.executors.default:123} Running job "backup metadata (trigger: cron[hour='1'], next run at: 2024-12-26 01:00:00 UTC)" (scheduled at 2024-12-25 01:00:00+00:00)
[2024-12-25 01:00:00,005]  INFO {apscheduler.executors.default:123} Running job "delete superfluous book covers (trigger: cron[hour='1'], next run at: 2024-12-26 01:00:00 UTC)" (scheduled at 2024-12-25 01:00:00+00:00)
[2024-12-25 01:00:00,005]  INFO {apscheduler.executors.default:123} Running job "reconnect (trigger: cron[hour='1'], next run at: 2024-12-26 01:00:00 UTC)" (scheduled at 2024-12-25 01:00:00+00:00)
[2024-12-25 01:00:00,009]  INFO {apscheduler.executors.default:144} Job "generate book covers (trigger: cron[hour='1'], next run at: 2024-12-26 01:00:00 UTC)" executed successfully
[2024-12-25 01:00:00,016]  INFO {apscheduler.executors.default:144} Job "delete temp (trigger: cron[hour='1'], next run at: 2024-12-26 01:00:00 UTC)" executed successfully
[2024-12-25 01:00:00,017]  INFO {apscheduler.executors.default:144} Job "backup metadata (trigger: cron[hour='1'], next run at: 2024-12-26 01:00:00 UTC)" executed successfully
[2024-12-25 01:00:00,019]  INFO {apscheduler.executors.default:144} Job "delete superfluous book covers (trigger: cron[hour='1'], next run at: 2024-12-26 01:00:00 UTC)" executed successfully
[2024-12-25 01:00:00,021]  INFO {apscheduler.executors.default:144} Job "reconnect (trigger: cron[hour='1'], next run at: 2024-12-26 01:00:00 UTC)" executed successfully
[2024-12-25 02:00:00,000]  INFO {apscheduler.executors.default:123} Running job "end scheduled task (trigger: cron[hour='2', minute='0'], next run at: 2024-12-26 02:00:00 UTC)" (scheduled at 2024-12-25 02:00:00+00:00)
[2024-12-25 02:00:00,001]  INFO {apscheduler.executors.default:144} Job "end scheduled task (trigger: cron[hour='2', minute='0'], next run at: 2024-12-26 02:00:00 UTC)" executed successfully
[2024-12-26 01:00:00,004]  INFO {apscheduler.executors.default:123} Running job "generate book covers (trigger: cron[hour='1'], next run at: 2024-12-27 01:00:00 UTC)" (scheduled at 2024-12-26 01:00:00+00:00)
[2024-12-26 01:00:00,005]  INFO {apscheduler.executors.default:123} Running job "delete temp (trigger: cron[hour='1'], next run at: 2024-12-27 01:00:00 UTC)" (scheduled at 2024-12-26 01:00:00+00:00)
[2024-12-26 01:00:00,006]  INFO {apscheduler.executors.default:123} Running job "backup metadata (trigger: cron[hour='1'], next run at: 2024-12-27 01:00:00 UTC)" (scheduled at 2024-12-26 01:00:00+00:00)
[2024-12-26 01:00:00,006]  INFO {apscheduler.executors.default:123} Running job "delete superfluous book covers (trigger: cron[hour='1'], next run at: 2024-12-27 01:00:00 UTC)" (scheduled at 2024-12-26 01:00:00+00:00)
[2024-12-26 01:00:00,006]  INFO {apscheduler.executors.default:123} Running job "reconnect (trigger: cron[hour='1'], next run at: 2024-12-27 01:00:00 UTC)" (scheduled at 2024-12-26 01:00:00+00:00)
[2024-12-26 01:00:00,028]  INFO {apscheduler.executors.default:144} Job "generate book covers (trigger: cron[hour='1'], next run at: 2024-12-27 01:00:00 UTC)" executed successfully
[2024-12-26 01:00:00,030]  INFO {apscheduler.executors.default:144} Job "delete temp (trigger: cron[hour='1'], next run at: 2024-12-27 01:00:00 UTC)" executed successfully
[2024-12-26 01:00:00,034]  INFO {apscheduler.executors.default:144} Job "backup metadata (trigger: cron[hour='1'], next run at: 2024-12-27 01:00:00 UTC)" executed successfully
[2024-12-26 01:00:00,035]  INFO {apscheduler.executors.default:144} Job "delete superfluous book covers (trigger: cron[hour='1'], next run at: 2024-12-27 01:00:00 UTC)" executed successfully
[2024-12-26 01:00:00,036]  INFO {apscheduler.executors.default:144} Job "reconnect (trigger: cron[hour='1'], next run at: 2024-12-27 01:00:00 UTC)" executed successfully
[2024-12-26 02:00:00,001]  INFO {apscheduler.executors.default:123} Running job "end scheduled task (trigger: cron[hour='2', minute='0'], next run at: 2024-12-27 02:00:00 UTC)" (scheduled at 2024-12-26 02:00:00+00:00)
[2024-12-26 02:00:00,003]  INFO {apscheduler.executors.default:144} Job "end scheduled task (trigger: cron[hour='2', minute='0'], next run at: 2024-12-27 02:00:00 UTC)" executed successfully
[2024-12-27 01:00:00,003]  INFO {apscheduler.executors.default:123} Running job "generate book covers (trigger: cron[hour='1'], next run at: 2024-12-28 01:00:00 UTC)" (scheduled at 2024-12-27 01:00:00+00:00)
[2024-12-27 01:00:00,003]  INFO {apscheduler.executors.default:123} Running job "delete temp (trigger: cron[hour='1'], next run at: 2024-12-28 01:00:00 UTC)" (scheduled at 2024-12-27 01:00:00+00:00)
[2024-12-27 01:00:00,004]  INFO {apscheduler.executors.default:123} Running job "backup metadata (trigger: cron[hour='1'], next run at: 2024-12-28 01:00:00 UTC)" (scheduled at 2024-12-27 01:00:00+00:00)
[2024-12-27 01:00:00,004]  INFO {apscheduler.executors.default:123} Running job "delete superfluous book covers (trigger: cron[hour='1'], next run at: 2024-12-28 01:00:00 UTC)" (scheduled at 2024-12-27 01:00:00+00:00)
[2024-12-27 01:00:00,005]  INFO {apscheduler.executors.default:123} Running job "reconnect (trigger: cron[hour='1'], next run at: 2024-12-28 01:00:00 UTC)" (scheduled at 2024-12-27 01:00:00+00:00)
[2024-12-27 01:00:00,012]  INFO {apscheduler.executors.default:144} Job "generate book covers (trigger: cron[hour='1'], next run at: 2024-12-28 01:00:00 UTC)" executed successfully
[2024-12-27 01:00:00,013]  INFO {apscheduler.executors.default:144} Job "delete temp (trigger: cron[hour='1'], next run at: 2024-12-28 01:00:00 UTC)" executed successfully
[2024-12-27 01:00:00,042]  INFO {apscheduler.executors.default:144} Job "backup metadata (trigger: cron[hour='1'], next run at: 2024-12-28 01:00:00 UTC)" executed successfully
[2024-12-27 01:00:00,043]  INFO {apscheduler.executors.default:144} Job "delete superfluous book covers (trigger: cron[hour='1'], next run at: 2024-12-28 01:00:00 UTC)" executed successfully
[2024-12-27 01:00:00,045]  INFO {apscheduler.executors.default:144} Job "reconnect (trigger: cron[hour='1'], next run at: 2024-12-28 01:00:00 UTC)" executed successfully
[2024-12-27 02:00:00,001]  INFO {apscheduler.executors.default:123} Running job "end scheduled task (trigger: cron[hour='2', minute='0'], next run at: 2024-12-28 02:00:00 UTC)" (scheduled at 2024-12-27 02:00:00+00:00)
[2024-12-27 02:00:00,003]  INFO {apscheduler.executors.default:144} Job "end scheduled task (trigger: cron[hour='2', minute='0'], next run at: 2024-12-28 02:00:00 UTC)" executed successfully
[2024-12-28 01:00:00,006]  INFO {apscheduler.executors.default:123} Running job "generate book covers (trigger: cron[hour='1'], next run at: 2024-12-29 01:00:00 UTC)" (scheduled at 2024-12-28 01:00:00+00:00)
[2024-12-28 01:00:00,007]  INFO {apscheduler.executors.default:123} Running job "delete temp (trigger: cron[hour='1'], next run at: 2024-12-29 01:00:00 UTC)" (scheduled at 2024-12-28 01:00:00+00:00)
[2024-12-28 01:00:00,008]  INFO {apscheduler.executors.default:123} Running job "backup metadata (trigger: cron[hour='1'], next run at: 2024-12-29 01:00:00 UTC)" (scheduled at 2024-12-28 01:00:00+00:00)
[2024-12-28 01:00:00,009]  INFO {apscheduler.executors.default:123} Running job "delete superfluous book covers (trigger: cron[hour='1'], next run at: 2024-12-29 01:00:00 UTC)" (scheduled at 2024-12-28 01:00:00+00:00)
[2024-12-28 01:00:00,009]  INFO {apscheduler.executors.default:123} Running job "reconnect (trigger: cron[hour='1'], next run at: 2024-12-29 01:00:00 UTC)" (scheduled at 2024-12-28 01:00:00+00:00)
[2024-12-28 01:00:00,027]  INFO {apscheduler.executors.default:144} Job "generate book covers (trigger: cron[hour='1'], next run at: 2024-12-29 01:00:00 UTC)" executed successfully
[2024-12-28 01:00:00,028]  INFO {apscheduler.executors.default:144} Job "delete temp (trigger: cron[hour='1'], next run at: 2024-12-29 01:00:00 UTC)" executed successfully
[2024-12-28 01:00:00,055]  INFO {apscheduler.executors.default:144} Job "backup metadata (trigger: cron[hour='1'], next run at: 2024-12-29 01:00:00 UTC)" executed successfully
[2024-12-28 01:00:00,065]  INFO {apscheduler.executors.default:144} Job "delete superfluous book covers (trigger: cron[hour='1'], next run at: 2024-12-29 01:00:00 UTC)" executed successfully
[2024-12-28 01:00:00,068]  INFO {apscheduler.executors.default:144} Job "reconnect (trigger: cron[hour='1'], next run at: 2024-12-29 01:00:00 UTC)" executed successfully
[2024-12-28 02:00:00,000]  INFO {apscheduler.executors.default:123} Running job "end scheduled task (trigger: cron[hour='2', minute='0'], next run at: 2024-12-29 02:00:00 UTC)" (scheduled at 2024-12-28 02:00:00+00:00)
[2024-12-28 02:00:00,001]  INFO {apscheduler.executors.default:144} Job "end scheduled task (trigger: cron[hour='2', minute='0'], next run at: 2024-12-29 02:00:00 UTC)" executed successfully
[2024-12-29 04:39:58,909]  WARN {cps.config_sql:364} Log path  not valid, falling back to default
[2024-12-29 04:39:58,972]  INFO {cps:178} Starting Calibre Web...
[2024-12-29 04:39:59,391]  WARN {py.warnings:109} /lsiopy/lib/python3.10/site-packages/flask_limiter/extension.py:333: UserWarning: Using the in-memory storage for tracking rate limits as no storage was explicitly specified. This is not recommended for production use. See: https://flask-limiter.readthedocs.io#configuring-a-storage-backend for documentation about configuring the storage backend.
  warnings.warn(

[2024-12-29 04:39:59,607]  INFO {apscheduler.scheduler:181} Scheduler started
[2024-12-29 04:39:59,608]  INFO {apscheduler.scheduler:895} Added job "reconnect" to job store "default"
[2024-12-29 04:39:59,608]  INFO {apscheduler.scheduler:895} Added job "delete temp" to job store "default"
[2024-12-29 04:39:59,609]  INFO {apscheduler.scheduler:895} Added job "backup metadata" to job store "default"
[2024-12-29 04:39:59,610]  INFO {apscheduler.scheduler:895} Added job "delete superfluous book covers" to job store "default"
[2024-12-29 04:39:59,611]  INFO {apscheduler.scheduler:895} Added job "generate book covers" to job store "default"
[2024-12-29 04:39:59,611]  INFO {apscheduler.scheduler:895} Added job "end scheduled task" to job store "default"
[2024-12-29 04:39:59,612]  INFO {apscheduler.scheduler:895} Added job "immediately delete temp" to job store "default"
[2024-12-29 04:39:59,613]  INFO {apscheduler.executors.default:123} Running job "immediately delete temp (trigger: date[2024-12-29 04:39:59 UTC], next run at: 2024-12-29 04:39:59 UTC)" (scheduled at 2024-12-29 04:39:59.612787+00:00)
[2024-12-29 04:39:59,613]  INFO {apscheduler.scheduler:641} Removed job af02c7eccdb7404992694e9eba91c1a8
[2024-12-29 04:39:59,623]  INFO {apscheduler.executors.default:144} Job "immediately delete temp (trigger: date[2024-12-29 04:39:59 UTC], next run at: 2024-12-29 04:39:59 UTC)" executed successfully
[2024-12-29 04:40:00,879]  INFO {cps.server:218} Starting Gevent server on [::]:8083
[2024-12-30 12:00:41,200]  WARN {apscheduler.executors.default:120} Run time of job "reconnect (trigger: cron[hour='1'], next run at: 2024-12-31 01:00:00 UTC)" was missed by 11:00:41.199758
[2024-12-30 12:00:41,200]  WARN {apscheduler.executors.default:120} Run time of job "delete temp (trigger: cron[hour='1'], next run at: 2024-12-31 01:00:00 UTC)" was missed by 11:00:41.200850
[2024-12-30 12:00:41,201]  WARN {apscheduler.executors.default:120} Run time of job "backup metadata (trigger: cron[hour='1'], next run at: 2024-12-31 01:00:00 UTC)" was missed by 11:00:41.201509
[2024-12-30 12:00:41,202]  WARN {apscheduler.executors.default:120} Run time of job "delete superfluous book covers (trigger: cron[hour='1'], next run at: 2024-12-31 01:00:00 UTC)" was missed by 11:00:41.202861
[2024-12-30 12:00:41,203]  WARN {apscheduler.executors.default:120} Run time of job "generate book covers (trigger: cron[hour='1'], next run at: 2024-12-31 01:00:00 UTC)" was missed by 11:00:41.203232
[2024-12-30 12:00:41,203]  WARN {apscheduler.executors.default:120} Run time of job "end scheduled task (trigger: cron[hour='2', minute='0'], next run at: 2024-12-31 02:00:00 UTC)" was missed by 10:00:41.203912
[2024-12-31 01:00:00,002]  INFO {apscheduler.executors.default:123} Running job "reconnect (trigger: cron[hour='1'], next run at: 2025-01-01 01:00:00 UTC)" (scheduled at 2024-12-31 01:00:00+00:00)
[2024-12-31 01:00:00,003]  INFO {apscheduler.executors.default:123} Running job "delete temp (trigger: cron[hour='1'], next run at: 2025-01-01 01:00:00 UTC)" (scheduled at 2024-12-31 01:00:00+00:00)
[2024-12-31 01:00:00,003]  INFO {apscheduler.executors.default:123} Running job "backup metadata (trigger: cron[hour='1'], next run at: 2025-01-01 01:00:00 UTC)" (scheduled at 2024-12-31 01:00:00+00:00)
[2024-12-31 01:00:00,003]  INFO {apscheduler.executors.default:123} Running job "delete superfluous book covers (trigger: cron[hour='1'], next run at: 2025-01-01 01:00:00 UTC)" (scheduled at 2024-12-31 01:00:00+00:00)
[2024-12-31 01:00:00,003]  INFO {apscheduler.executors.default:123} Running job "generate book covers (trigger: cron[hour='1'], next run at: 2025-01-01 01:00:00 UTC)" (scheduled at 2024-12-31 01:00:00+00:00)
[2024-12-31 01:00:00,016]  INFO {apscheduler.executors.default:144} Job "reconnect (trigger: cron[hour='1'], next run at: 2025-01-01 01:00:00 UTC)" executed successfully
[2024-12-31 01:00:00,033]  INFO {apscheduler.executors.default:144} Job "delete temp (trigger: cron[hour='1'], next run at: 2025-01-01 01:00:00 UTC)" executed successfully
[2024-12-31 01:00:00,041]  INFO {apscheduler.executors.default:144} Job "backup metadata (trigger: cron[hour='1'], next run at: 2025-01-01 01:00:00 UTC)" executed successfully
[2024-12-31 01:00:00,044]  INFO {apscheduler.executors.default:144} Job "delete superfluous book covers (trigger: cron[hour='1'], next run at: 2025-01-01 01:00:00 UTC)" executed successfully
[2024-12-31 01:00:00,046]  INFO {apscheduler.executors.default:144} Job "generate book covers (trigger: cron[hour='1'], next run at: 2025-01-01 01:00:00 UTC)" executed successfully
[2024-12-31 02:00:00,000]  INFO {apscheduler.executors.default:123} Running job "end scheduled task (trigger: cron[hour='2', minute='0'], next run at: 2025-01-01 02:00:00 UTC)" (scheduled at 2024-12-31 02:00:00+00:00)
[2024-12-31 02:00:00,001]  INFO {apscheduler.executors.default:144} Job "end scheduled task (trigger: cron[hour='2', minute='0'], next run at: 2025-01-01 02:00:00 UTC)" executed successfully
[2025-01-01 01:00:00,002]  INFO {apscheduler.executors.default:123} Running job "reconnect (trigger: cron[hour='1'], next run at: 2025-01-02 01:00:00 UTC)" (scheduled at 2025-01-01 01:00:00+00:00)
[2025-01-01 01:00:00,003]  INFO {apscheduler.executors.default:123} Running job "delete temp (trigger: cron[hour='1'], next run at: 2025-01-02 01:00:00 UTC)" (scheduled at 2025-01-01 01:00:00+00:00)
[2025-01-01 01:00:00,003]  INFO {apscheduler.executors.default:123} Running job "backup metadata (trigger: cron[hour='1'], next run at: 2025-01-02 01:00:00 UTC)" (scheduled at 2025-01-01 01:00:00+00:00)
[2025-01-01 01:00:00,003]  INFO {apscheduler.executors.default:123} Running job "delete superfluous book covers (trigger: cron[hour='1'], next run at: 2025-01-02 01:00:00 UTC)" (scheduled at 2025-01-01 01:00:00+00:00)
[2025-01-01 01:00:00,004]  INFO {apscheduler.executors.default:123} Running job "generate book covers (trigger: cron[hour='1'], next run at: 2025-01-02 01:00:00 UTC)" (scheduled at 2025-01-01 01:00:00+00:00)
[2025-01-01 01:00:00,009]  INFO {apscheduler.executors.default:144} Job "reconnect (trigger: cron[hour='1'], next run at: 2025-01-02 01:00:00 UTC)" executed successfully
[2025-01-01 01:00:00,024]  INFO {apscheduler.executors.default:144} Job "delete temp (trigger: cron[hour='1'], next run at: 2025-01-02 01:00:00 UTC)" executed successfully
[2025-01-01 01:00:00,026]  INFO {apscheduler.executors.default:144} Job "backup metadata (trigger: cron[hour='1'], next run at: 2025-01-02 01:00:00 UTC)" executed successfully
[2025-01-01 01:00:00,029]  INFO {apscheduler.executors.default:144} Job "delete superfluous book covers (trigger: cron[hour='1'], next run at: 2025-01-02 01:00:00 UTC)" executed successfully
[2025-01-01 01:00:00,030]  INFO {apscheduler.executors.default:144} Job "generate book covers (trigger: cron[hour='1'], next run at: 2025-01-02 01:00:00 UTC)" executed successfully
[2025-01-01 02:00:00,000]  INFO {apscheduler.executors.default:123} Running job "end scheduled task (trigger: cron[hour='2', minute='0'], next run at: 2025-01-02 02:00:00 UTC)" (scheduled at 2025-01-01 02:00:00+00:00)
[2025-01-01 02:00:00,001]  INFO {apscheduler.executors.default:144} Job "end scheduled task (trigger: cron[hour='2', minute='0'], next run at: 2025-01-02 02:00:00 UTC)" executed successfully
[2025-01-01 15:08:44,426]  INFO {cps.server:319} webserver stop (restart=False)
[2025-01-01 15:08:44,438]  INFO {apscheduler.scheduler:212} Scheduler has been shut down
[2025-01-01 15:08:44,449]  INFO {cps.server:298} Performing shutdown of Calibre-Web
[2025-01-11 04:40:56,512]  WARN {cps.config_sql:364} Log path  not valid, falling back to default
[2025-01-11 04:40:56,559]  INFO {cps:178} Starting Calibre Web...
[2025-01-11 04:40:56,933]  WARN {py.warnings:109} /lsiopy/lib/python3.10/site-packages/flask_limiter/extension.py:333: UserWarning: Using the in-memory storage for tracking rate limits as no storage was explicitly specified. This is not recommended for production use. See: https://flask-limiter.readthedocs.io#configuring-a-storage-backend for documentation about configuring the storage backend.
  warnings.warn(

[2025-01-11 04:40:57,168]  INFO {apscheduler.scheduler:181} Scheduler started
[2025-01-11 04:40:57,169]  INFO {apscheduler.scheduler:895} Added job "reconnect" to job store "default"
[2025-01-11 04:40:57,169]  INFO {apscheduler.scheduler:895} Added job "delete temp" to job store "default"
[2025-01-11 04:40:57,170]  INFO {apscheduler.scheduler:895} Added job "backup metadata" to job store "default"
[2025-01-11 04:40:57,171]  INFO {apscheduler.scheduler:895} Added job "delete superfluous book covers" to job store "default"
[2025-01-11 04:40:57,172]  INFO {apscheduler.scheduler:895} Added job "generate book covers" to job store "default"
[2025-01-11 04:40:57,173]  INFO {apscheduler.scheduler:895} Added job "end scheduled task" to job store "default"
[2025-01-11 04:40:57,173]  INFO {apscheduler.scheduler:895} Added job "immediately delete temp" to job store "default"
[2025-01-11 04:40:57,174]  INFO {apscheduler.executors.default:123} Running job "immediately delete temp (trigger: date[2025-01-11 04:40:57 UTC], next run at: 2025-01-11 04:40:57 UTC)" (scheduled at 2025-01-11 04:40:57.173619+00:00)
[2025-01-11 04:40:57,174]  INFO {apscheduler.scheduler:641} Removed job 612694ddecf14741abcc6459d06a27c2
[2025-01-11 04:40:57,185]  INFO {apscheduler.executors.default:144} Job "immediately delete temp (trigger: date[2025-01-11 04:40:57 UTC], next run at: 2025-01-11 04:40:57 UTC)" executed successfully
[2025-01-11 04:40:58,408]  INFO {cps.server:218} Starting Gevent server on [::]:8083
[2025-01-11 05:04:35,505]  INFO {cps.server:319} webserver stop (restart=False)
[2025-01-11 05:04:35,508]  INFO {apscheduler.scheduler:212} Scheduler has been shut down
[2025-01-11 05:04:35,510]  INFO {cps.server:298} Performing shutdown of Calibre-Web
